Сборка начата 12.10.2021 8:07:51.
Уровень детализации журнала: Normal.     1>Проект "D:\5sem\OSASP\Labs\5\os05_processes\os05_processes.vcxproj" в узле 2 (целевые объекты Build).
     1>PrepareForBuild:
         Создание каталога "Debug\os05_processes.tlog\".
       InitializeBuildStatus:
         Создание "Debug\os05_processes.tlog\unsuccessfulbuild", так как было задано "AlwaysCreate".
       ClCompile:
         C:\Program Files (x86)\Microsoft Visual Studio\2019\Community\VC\Tools\MSVC\14.29.30037\bin\HostX86\x86\CL.exe /c /ZI /JMC /nologo /W3 /WX- /diagnostics:column /sdl /Od /Oy- /D WIN32 /D _DEBUG /D _CONSOLE /D _UNICODE /D UNICODE /Gm- /EHsc /RTC1 /MDd /GS /fp:precise /permissive- /Zc:wchar_t /Zc:forScope /Zc:inline /Fo"Debug\\" /Fd"Debug\vc142.pdb" /external:env:EXTERNAL_INCLUDE /external:W3 /Gd /TP /analyze- /FC /errorReport:prompt os05_processes.cpp
         os05_processes.cpp
       Link:
         C:\Program Files (x86)\Microsoft Visual Studio\2019\Community\VC\Tools\MSVC\14.29.30037\bin\HostX86\x86\link.exe /ERRORREPORT:PROMPT /OUT:"D:\5sem\OSASP\Labs\5\ConsoleApplication1\Debug\os05_processes.exe" /INCREMENTAL /ILK:"Debug\os05_processes.ilk" /NOLOGO kernel32.lib user32.lib gdi32.lib winspool.lib comdlg32.lib advapi32.lib shell32.lib ole32.lib oleaut32.lib uuid.lib odbc32.lib odbccp32.lib /MANIFEST /MANIFESTUAC:"level='asInvoker' uiAccess='false'" /manifest:embed /DEBUG /PDB:"D:\5sem\OSASP\Labs\5\ConsoleApplication1\Debug\os05_processes.pdb" /SUBSYSTEM:CONSOLE /TLBID:1 /DYNAMICBASE /NXCOMPAT /IMPLIB:"D:\5sem\OSASP\Labs\5\ConsoleApplication1\Debug\os05_processes.lib" /MACHINE:X86 Debug\os05_processes.obj
         os05_processes.vcxproj -> D:\5sem\OSASP\Labs\5\ConsoleApplication1\Debug\os05_processes.exe
       FinalizeBuildStatus:
         Файл "Debug\os05_processes.tlog\unsuccessfulbuild" удаляется.
         Обращение к "Debug\os05_processes.tlog\os05_processes.lastbuildstate".
     1>Сборка проекта "D:\5sem\OSASP\Labs\5\os05_processes\os05_processes.vcxproj" завершена (целевые объекты Build).

Сборка успешно завершена.
    Предупреждений: 0
    Ошибок: 0

Прошло времени 00:00:03.75
