Сборка начата 19.09.2021 21:18:50.
Уровень детализации журнала: Normal.     1>Проект "D:\5sem\OSASP\Labs\3\os03_02\os03_02.vcxproj" в узле 2 (целевые объекты Build).
     1>InitializeBuildStatus:
         Создание "Release\os03_02.tlog\unsuccessfulbuild", так как было задано "AlwaysCreate".
       ClCompile:
         C:\Program Files (x86)\Microsoft Visual Studio\2019\Community\VC\Tools\MSVC\14.29.30037\bin\HostX86\x86\CL.exe /c /Zi /nologo /W3 /WX- /diagnostics:column /sdl /O2 /Oi /Oy- /GL /D WIN32 /D NDEBUG /D _CONSOLE /D _UNICODE /D UNICODE /Gm- /EHsc /MD /GS /Gy /fp:precise /permissive- /Zc:wchar_t /Zc:forScope /Zc:inline /Fo"Release\\" /Fd"Release\vc142.pdb" /external:env:EXTERNAL_INCLUDE /external:W3 /Gd /TP /analyze- /FC /errorReport:prompt os03_02.cpp
         os03_02.cpp
       Link:
         C:\Program Files (x86)\Microsoft Visual Studio\2019\Community\VC\Tools\MSVC\14.29.30037\bin\HostX86\x86\link.exe /ERRORREPORT:PROMPT /OUT:"D:\5sem\OSASP\Labs\3\os03_02\Release\os03_02.exe" /INCREMENTAL:NO /NOLOGO kernel32.lib user32.lib gdi32.lib winspool.lib comdlg32.lib advapi32.lib shell32.lib ole32.lib oleaut32.lib uuid.lib odbc32.lib odbccp32.lib /MANIFEST /MANIFESTUAC:"level='asInvoker' uiAccess='false'" /manifest:embed /DEBUG /PDB:"D:\5sem\OSASP\Labs\3\os03_02\Release\os03_02.pdb" /SUBSYSTEM:CONSOLE /OPT:REF /OPT:ICF /LTCG:incremental /LTCGOUT:"Release\os03_02.iobj" /TLBID:1 /DYNAMICBASE /NXCOMPAT /IMPLIB:"D:\5sem\OSASP\Labs\3\os03_02\Release\os03_02.lib" /MACHINE:X86 /SAFESEH Release\os03_02.obj
         Создание кода
         1 of 10 functions (10.0%) were compiled, the rest were copied from previous compilation.
           0 functions were new in current compilation
           0 functions had inline decision re-evaluated but remain unchanged
         Создание кода завершено
         os03_02.vcxproj -> D:\5sem\OSASP\Labs\3\os03_02\Release\os03_02.exe
       FinalizeBuildStatus:
         Файл "Release\os03_02.tlog\unsuccessfulbuild" удаляется.
         Обращение к "Release\os03_02.tlog\os03_02.lastbuildstate".
     1>Сборка проекта "D:\5sem\OSASP\Labs\3\os03_02\os03_02.vcxproj" завершена (целевые объекты Build).

Сборка успешно завершена.
    Предупреждений: 0
    Ошибок: 0

Прошло времени 00:00:04.00
