Сборка начата 11.10.2021 16:06:40.
Уровень детализации журнала: Normal.     1>Проект "D:\5sem\OSASP\Labs\5\ConsoleApplication1\ConsoleApplication1.vcxproj" в узле 2 (целевые объекты Build).
     1>InitializeBuildStatus:
         Создание "Debug\ConsoleA.9262863b.tlog\unsuccessfulbuild", так как было задано "AlwaysCreate".
       ClCompile:
         C:\Program Files (x86)\Microsoft Visual Studio\2019\Community\VC\Tools\MSVC\14.29.30037\bin\HostX86\x86\CL.exe /c /ZI /JMC /nologo /W3 /WX- /diagnostics:column /sdl /Od /Oy- /D WIN32 /D _DEBUG /D _CONSOLE /D _UNICODE /D UNICODE /Gm- /EHsc /RTC1 /MDd /GS /fp:precise /permissive- /Zc:wchar_t /Zc:forScope /Zc:inline /Fo"Debug\\" /Fd"Debug\vc142.pdb" /external:env:EXTERNAL_INCLUDE /external:W3 /Gd /TP /analyze- /FC /errorReport:prompt ConsoleApplication1.cpp
         ConsoleApplication1.cpp
     1>D:\5sem\OSASP\Labs\5\ConsoleApplication1\ConsoleApplication1.cpp(103,31): warning C4101: ex: неиспользованная локальная переменная
       Link:
         C:\Program Files (x86)\Microsoft Visual Studio\2019\Community\VC\Tools\MSVC\14.29.30037\bin\HostX86\x86\link.exe /ERRORREPORT:PROMPT /OUT:"D:\5sem\OSASP\Labs\5\ConsoleApplication1\Debug\ConsoleApplication1.exe" /INCREMENTAL /ILK:"Debug\ConsoleApplication1.ilk" /NOLOGO kernel32.lib user32.lib gdi32.lib winspool.lib comdlg32.lib advapi32.lib shell32.lib ole32.lib oleaut32.lib uuid.lib odbc32.lib odbccp32.lib /MANIFEST /MANIFESTUAC:"level='asInvoker' uiAccess='false'" /manifest:embed /DEBUG /PDB:"D:\5sem\OSASP\Labs\5\ConsoleApplication1\Debug\ConsoleApplication1.pdb" /SUBSYSTEM:CONSOLE /TLBID:1 /DYNAMICBASE /NXCOMPAT /IMPLIB:"D:\5sem\OSASP\Labs\5\ConsoleApplication1\Debug\ConsoleApplication1.lib" /MACHINE:X86 Debug\ConsoleApplication1.obj
         ConsoleApplication1.vcxproj -> D:\5sem\OSASP\Labs\5\ConsoleApplication1\Debug\ConsoleApplication1.exe
       FinalizeBuildStatus:
         Файл "Debug\ConsoleA.9262863b.tlog\unsuccessfulbuild" удаляется.
         Обращение к "Debug\ConsoleA.9262863b.tlog\ConsoleApplication1.lastbuildstate".
     1>Сборка проекта "D:\5sem\OSASP\Labs\5\ConsoleApplication1\ConsoleApplication1.vcxproj" завершена (целевые объекты Build).

Сборка успешно завершена.

       "D:\5sem\OSASP\Labs\5\ConsoleApplication1\ConsoleApplication1.vcxproj" (целевой объект Build ) (1) ->
       (Целевой объект ClCompile) -> 
         D:\5sem\OSASP\Labs\5\ConsoleApplication1\ConsoleApplication1.cpp(103,31): warning C4101: ex: неиспользованная локальная переменная

    Предупреждений: 1
    Ошибок: 0

Прошло времени 00:00:02.23
