Сборка начата 19.09.2021 21:05:55.
Уровень детализации журнала: Normal.     1>Проект "D:\5sem\OSASP\Labs\3\os03_02_2\os03_02_2.vcxproj" в узле 3 (целевые объекты Rebuild).
     1>_PrepareForClean:
         Файл "Debug\os03_02_2.tlog\os03_02_2.lastbuildstate" удаляется.
       InitializeBuildStatus:
         Создание "Debug\os03_02_2.tlog\unsuccessfulbuild", так как было задано "AlwaysCreate".
       ClCompile:
         C:\Program Files (x86)\Microsoft Visual Studio\2019\Community\VC\Tools\MSVC\14.29.30037\bin\HostX86\x86\CL.exe /c /ZI /JMC /nologo /W3 /WX- /diagnostics:column /sdl /Od /Oy- /D WIN32 /D _DEBUG /D _CONSOLE /D _UNICODE /D UNICODE /Gm- /EHsc /RTC1 /MDd /GS /fp:precise /permissive- /Zc:wchar_t /Zc:forScope /Zc:inline /Fo"Debug\\" /Fd"Debug\vc142.pdb" /external:env:EXTERNAL_INCLUDE /external:W3 /Gd /TP /analyze- /FC /errorReport:prompt os03_02_2.cpp
         os03_02_2.cpp
       Link:
         C:\Program Files (x86)\Microsoft Visual Studio\2019\Community\VC\Tools\MSVC\14.29.30037\bin\HostX86\x86\link.exe /ERRORREPORT:PROMPT /OUT:"D:\5sem\OSASP\Labs\3\os03_02\Debug\os03_02_2.exe" /INCREMENTAL /ILK:"Debug\os03_02_2.ilk" /NOLOGO kernel32.lib user32.lib gdi32.lib winspool.lib comdlg32.lib advapi32.lib shell32.lib ole32.lib oleaut32.lib uuid.lib odbc32.lib odbccp32.lib /MANIFEST /MANIFESTUAC:"level='asInvoker' uiAccess='false'" /manifest:embed /DEBUG /PDB:"D:\5sem\OSASP\Labs\3\os03_02\Debug\os03_02_2.pdb" /SUBSYSTEM:CONSOLE /TLBID:1 /DYNAMICBASE /NXCOMPAT /IMPLIB:"D:\5sem\OSASP\Labs\3\os03_02\Debug\os03_02_2.lib" /MACHINE:X86 Debug\os03_02_2.obj
         os03_02_2.vcxproj -> D:\5sem\OSASP\Labs\3\os03_02\Debug\os03_02_2.exe
       FinalizeBuildStatus:
         Файл "Debug\os03_02_2.tlog\unsuccessfulbuild" удаляется.
         Обращение к "Debug\os03_02_2.tlog\os03_02_2.lastbuildstate".
     1>Сборка проекта "D:\5sem\OSASP\Labs\3\os03_02_2\os03_02_2.vcxproj" завершена (целевые объекты Rebuild).

Сборка успешно завершена.
    Предупреждений: 0
    Ошибок: 0

Прошло времени 00:00:04.52
